INFO  2024-11-01 09:03:29 [main] ru.otus.october.http.server.HttpServer (HttpServer.java:26) - Сервер запущен на порту: 8189
DEBUG 2024-11-01 09:03:36 [main] ru.otus.october.http.server.HttpRequest (HttpRequest.java:86) - Accept-Encoding: gzip, deflate, br, zstd
DEBUG 2024-11-01 09:03:36 [main] ru.otus.october.http.server.HttpRequest (HttpRequest.java:87) - Connection: keep-alive
DEBUG 2024-11-01 09:03:36 [main] ru.otus.october.http.server.HttpRequest (HttpRequest.java:91) - GET /calculator?a=1&b=2 HTTP/1.1
Host: localhost:8189
Connection: keep-alive
sec-ch-ua: "Chromium";v="130", "Google Chrome";v="130", "Not?A_Brand";v="99"
sec-ch-ua-mobile: ?0
sec-ch-ua-platform: "Windows"
Upgrade-Insecure-Requests: 1
User-Agent: Mozilla/5.0 (Windows NT 10.0; Win64; x64) AppleWebKit/537.36 (KHTML, like Gecko) Chrome/130.0.0.0 Safari/537.36
Accept: text/html,application/xhtml+xml,application/xml;q=0.9,image/avif,image/webp,image/apng,*/*;q=0.8,application/signed-exchange;v=b3;q=0.7
Sec-Fetch-Site: none
Sec-Fetch-Mode: navigate
Sec-Fetch-User: ?1
Sec-Fetch-Dest: document
Accept-Encoding: gzip, deflate, br, zstd
Accept-Language: en-US,en;q=0.9,ru-RU;q=0.8,ru;q=0.7


INFO  2024-11-01 09:03:36 [main] ru.otus.october.http.server.HttpRequest (HttpRequest.java:92) - Method: GET
INFO  2024-11-01 09:03:36 [main] ru.otus.october.http.server.HttpRequest (HttpRequest.java:93) - URI: /calculator
INFO  2024-11-01 09:03:36 [main] ru.otus.october.http.server.HttpRequest (HttpRequest.java:94) - Parameters: {a=1, b=2}
INFO  2024-11-01 09:03:36 [main] ru.otus.october.http.server.HttpRequest (HttpRequest.java:95) - Body: null
DEBUG 2024-11-01 09:03:36 [main] ru.otus.october.http.server.HttpRequest (HttpRequest.java:86) - Accept-Encoding: gzip, deflate, br, zstd
DEBUG 2024-11-01 09:03:36 [main] ru.otus.october.http.server.HttpRequest (HttpRequest.java:87) - Connection: keep-alive
DEBUG 2024-11-01 09:03:36 [main] ru.otus.october.http.server.HttpRequest (HttpRequest.java:91) - GET /favicon.ico HTTP/1.1
Host: localhost:8189
Connection: keep-alive
sec-ch-ua-platform: "Windows"
User-Agent: Mozilla/5.0 (Windows NT 10.0; Win64; x64) AppleWebKit/537.36 (KHTML, like Gecko) Chrome/130.0.0.0 Safari/537.36
sec-ch-ua: "Chromium";v="130", "Google Chrome";v="130", "Not?A_Brand";v="99"
sec-ch-ua-mobile: ?0
Accept: image/avif,image/webp,image/apng,image/svg+xml,image/*,*/*;q=0.8
Sec-Fetch-Site: same-origin
Sec-Fetch-Mode: no-cors
Sec-Fetch-Dest: image
Referer: http://localhost:8189/calculator?a=1&b=2
Accept-Encoding: gzip, deflate, br, zstd
Accept-Language: en-US,en;q=0.9,ru-RU;q=0.8,ru;q=0.7


INFO  2024-11-01 09:03:36 [main] ru.otus.october.http.server.HttpRequest (HttpRequest.java:92) - Method: GET
INFO  2024-11-01 09:03:36 [main] ru.otus.october.http.server.HttpRequest (HttpRequest.java:93) - URI: /favicon.ico
INFO  2024-11-01 09:03:36 [main] ru.otus.october.http.server.HttpRequest (HttpRequest.java:94) - Parameters: {}
INFO  2024-11-01 09:03:36 [main] ru.otus.october.http.server.HttpRequest (HttpRequest.java:95) - Body: null
DEBUG 2024-11-01 09:03:39 [main] ru.otus.october.http.server.HttpRequest (HttpRequest.java:86) - Accept-Encoding: gzip, deflate, br, zstd
DEBUG 2024-11-01 09:03:39 [main] ru.otus.october.http.server.HttpRequest (HttpRequest.java:87) - Connection: keep-alive
DEBUG 2024-11-01 09:03:39 [main] ru.otus.october.http.server.HttpRequest (HttpRequest.java:91) - GET /calculator?a=1&b=4 HTTP/1.1
Host: localhost:8189
Connection: keep-alive
sec-ch-ua: "Chromium";v="130", "Google Chrome";v="130", "Not?A_Brand";v="99"
sec-ch-ua-mobile: ?0
sec-ch-ua-platform: "Windows"
Upgrade-Insecure-Requests: 1
User-Agent: Mozilla/5.0 (Windows NT 10.0; Win64; x64) AppleWebKit/537.36 (KHTML, like Gecko) Chrome/130.0.0.0 Safari/537.36
Accept: text/html,application/xhtml+xml,application/xml;q=0.9,image/avif,image/webp,image/apng,*/*;q=0.8,application/signed-exchange;v=b3;q=0.7
Sec-Fetch-Site: none
Sec-Fetch-Mode: navigate
Sec-Fetch-User: ?1
Sec-Fetch-Dest: document
Accept-Encoding: gzip, deflate, br, zstd
Accept-Language: en-US,en;q=0.9,ru-RU;q=0.8,ru;q=0.7


INFO  2024-11-01 09:03:39 [main] ru.otus.october.http.server.HttpRequest (HttpRequest.java:92) - Method: GET
INFO  2024-11-01 09:03:39 [main] ru.otus.october.http.server.HttpRequest (HttpRequest.java:93) - URI: /calculator
INFO  2024-11-01 09:03:39 [main] ru.otus.october.http.server.HttpRequest (HttpRequest.java:94) - Parameters: {a=1, b=4}
INFO  2024-11-01 09:03:39 [main] ru.otus.october.http.server.HttpRequest (HttpRequest.java:95) - Body: null
